2019/11/20 09:30:13 INFO  - jmeter.util.JMeterUtils: Setting Locale to en_US 
2019/11/20 09:30:13 INFO  - jmeter.JMeter: Loading user properties from: /Users/sperla/Desktop/Workloads/apache-jmeter-2.13/bin/user.properties 
2019/11/20 09:30:13 INFO  - jmeter.JMeter: Loading system properties from: /Users/sperla/Desktop/Workloads/apache-jmeter-2.13/bin/system.properties 
2019/11/20 09:30:13 INFO  - jmeter.JMeter: Setting JMeter property: host=eap-data-streamer.r1.us1.staging.iq.com 
2019/11/20 09:30:13 INFO  - jmeter.JMeter: Setting JMeter property: threads=200 
2019/11/20 09:30:13 INFO  - jmeter.JMeter: Setting JMeter property: throughput_per_min=3000 
2019/11/20 09:30:13 INFO  - jmeter.JMeter: Setting JMeter property: input_file=cadence.all_users_small_fixed.csv 
2019/11/20 09:30:13 INFO  - jmeter.JMeter: Copyright (c) 1998-2015 The Apache Software Foundation 
2019/11/20 09:30:13 INFO  - jmeter.JMeter: Version 2.13 r1665067 
2019/11/20 09:30:13 INFO  - jmeter.JMeter: java.version=12.0.1 
2019/11/20 09:30:13 INFO  - jmeter.JMeter: java.vm.name=OpenJDK 64-Bit Server VM 
2019/11/20 09:30:13 INFO  - jmeter.JMeter: os.name=Mac OS X 
2019/11/20 09:30:13 INFO  - jmeter.JMeter: os.arch=x86_64 
2019/11/20 09:30:13 INFO  - jmeter.JMeter: os.version=10.13.6 
2019/11/20 09:30:13 INFO  - jmeter.JMeter: file.encoding=UTF-8 
2019/11/20 09:30:13 INFO  - jmeter.JMeter: Default Locale=English (United States) 
2019/11/20 09:30:13 INFO  - jmeter.JMeter: JMeter  Locale=English (United States) 
2019/11/20 09:30:13 INFO  - jmeter.JMeter: JMeterHome=/Users/sperla/Desktop/Workloads/apache-jmeter-2.13 
2019/11/20 09:30:13 INFO  - jmeter.JMeter: user.dir  =/Users/sperla/Desktop/Workloads/EAP 
2019/11/20 09:30:13 INFO  - jmeter.JMeter: PWD       =/Users/sperla/Desktop/Workloads/EAP 
2019/11/20 09:30:13 INFO  - jmeter.JMeter: IP: 10.3.49.31 Name: sperla-ltm1.internal.salesforce.com FullName: sperla-ltm1.internal.salesforce.com 
2019/11/20 09:30:13 INFO  - jmeter.services.FileServer: Default base='/Users/sperla/Desktop/Workloads/EAP' 
2019/11/20 09:30:13 INFO  - jmeter.services.FileServer: Set new base='/Users/sperla/Desktop/Workloads/EAP' 
2019/11/20 09:30:13 INFO  - jmeter.save.SaveService: Testplan (JMX) version: 2.2. Testlog (JTL) version: 2.2 
2019/11/20 09:30:13 INFO  - jmeter.save.SaveService: Using SaveService properties version 2.8 
2019/11/20 09:30:13 INFO  - jmeter.save.SaveService: Using SaveService properties file version 1656252 
2019/11/20 09:30:13 INFO  - jmeter.save.SaveService: Using SaveService properties file encoding UTF-8 
2019/11/20 09:30:13 INFO  - jmeter.save.SaveService: All converter versions present and correct 
2019/11/20 09:30:13 INFO  - jmeter.save.SaveService: Loading file: HPVErandomIdSmallOrg.jmx 
2019/11/20 09:30:13 INFO  - jmeter.protocol.http.sampler.HTTPSamplerBase: Cannot find .className property for htmlParser, using default 
2019/11/20 09:30:13 INFO  - jmeter.protocol.http.sampler.HTTPSamplerBase: Parser for text/html is  
2019/11/20 09:30:13 INFO  - jmeter.protocol.http.sampler.HTTPSamplerBase: Parser for application/xhtml+xml is  
2019/11/20 09:30:13 INFO  - jmeter.protocol.http.sampler.HTTPSamplerBase: Parser for application/xml is  
2019/11/20 09:30:13 INFO  - jmeter.protocol.http.sampler.HTTPSamplerBase: Parser for text/xml is  
2019/11/20 09:30:13 INFO  - jmeter.protocol.http.sampler.HTTPSamplerBase: Parser for text/vnd.wap.wml is org.apache.jmeter.protocol.http.parser.RegexpHTMLParser 
2019/11/20 09:30:13 INFO  - jmeter.JMeter: Creating summariser <summary> 
2019/11/20 09:30:13 INFO  - jmeter.engine.StandardJMeterEngine: Listeners will be started after enabling running version 
2019/11/20 09:30:13 INFO  - jmeter.engine.StandardJMeterEngine: To revert to the earlier behaviour, define jmeterengine.startlistenerslater=false 
2019/11/20 09:30:13 INFO  - jmeter.engine.StandardJMeterEngine: Running the test! 
2019/11/20 09:30:13 INFO  - jmeter.samplers.SampleEvent: List of sample_variables: [] 
2019/11/20 09:30:13 INFO  - jmeter.samplers.SampleEvent: List of sample_variables: [] 
2019/11/20 09:30:13 INFO  - jmeter.engine.util.CompoundVariable: Note: Function class names must contain the string: '.functions.' 
2019/11/20 09:30:13 INFO  - jmeter.engine.util.CompoundVariable: Note: Function class names must not contain the string: '.gui.' 
2019/11/20 09:30:14 INFO  - jmeter.JMeter: Running test (1574271014058) 
2019/11/20 09:30:14 INFO  - jmeter.engine.StandardJMeterEngine: Starting ThreadGroup: 1 : CreateEngagements 
2019/11/20 09:30:14 INFO  - jmeter.engine.StandardJMeterEngine: Starting 200 threads for group CreateEngagements. 
2019/11/20 09:30:14 INFO  - jmeter.engine.StandardJMeterEngine: Thread will continue on error 
2019/11/20 09:30:14 INFO  - jmeter.threads.ThreadGroup: Starting thread group number 1 threads 200 ramp-up 1 perThread 5.0 delayedStart=false 
2019/11/20 09:30:14 INFO  - jmeter.threads.JMeterThread: jmeterthread.startearlier=true (see jmeter.properties) 
2019/11/20 09:30:14 INFO  - jmeter.threads.JMeterThread: Running PostProcessors in forward order 
2019/11/20 09:30:14 INFO  - jmeter.threads.JMeterThread: Thread started: CreateEngagements 1-1 
2019/11/20 09:30:14 INFO  - jmeter.services.FileServer: Stored: cadence.all_users_small_fixed.csv 
2019/11/20 09:30:14 INFO  - jmeter.threads.JMeterThread: Thread started: CreateEngagements 1-2 
2019/11/20 09:30:14 INFO  - jmeter.samplers.SampleResult: Note: Sample TimeStamps are START times 
2019/11/20 09:30:14 INFO  - jmeter.samplers.SampleResult: sampleresult.default.encoding is set to ISO-8859-1 
2019/11/20 09:30:14 INFO  - jmeter.samplers.SampleResult: sampleresult.useNanoTime=true 
2019/11/20 09:30:14 INFO  - jmeter.samplers.SampleResult: sampleresult.nanoThreadSleep=5000 
2019/11/20 09:30:14 INFO  - jmeter.util.BeanShellTestElement: 1 
2019/11/20 09:30:14 INFO  - jmeter.util.BeanShellTestElement: 0 
2019/11/20 09:30:14 INFO  - jmeter.threads.JMeterThread: Thread started: CreateEngagements 1-3 
2019/11/20 09:30:14 INFO  - jmeter.util.BeanShellTestElement: 2 
2019/11/20 09:30:14 INFO  - jmeter.threads.JMeterThread: Thread started: CreateEngagements 1-4 
2019/11/20 09:30:14 INFO  - jmeter.util.BeanShellTestElement: 3 
2019/11/20 09:30:14 INFO  - jmeter.threads.JMeterThread: Thread started: CreateEngagements 1-5 
2019/11/20 09:30:14 INFO  - jmeter.util.BeanShellTestElement: 4 
2019/11/20 09:30:14 INFO  - jmeter.threads.JMeterThread: Thread started: CreateEngagements 1-6 
2019/11/20 09:30:14 INFO  - jmeter.util.BeanShellTestElement: 5 
2019/11/20 09:30:14 INFO  - jmeter.threads.JMeterThread: Thread started: CreateEngagements 1-7 
2019/11/20 09:30:14 INFO  - jmeter.util.BeanShellTestElement: 6 
2019/11/20 09:30:14 INFO  - jmeter.protocol.http.sampler.HTTPHCAbstractImpl: Local host = sperla-ltm1.internal.salesforce.com 
2019/11/20 09:30:14 INFO  - jmeter.threads.JMeterThread: Thread started: CreateEngagements 1-8 
2019/11/20 09:30:14 INFO  - jmeter.util.BeanShellTestElement: 7 
2019/11/20 09:30:14 INFO  - jmeter.protocol.http.sampler.HTTPHC4Impl: HTTP request retry count = 0 
2019/11/20 09:30:14 INFO  - jmeter.threads.JMeterThread: Thread started: CreateEngagements 1-9 
2019/11/20 09:30:14 INFO  - jmeter.util.BeanShellTestElement: 8 
2019/11/20 09:30:14 INFO  - jmeter.protocol.http.sampler.HTTPHC4Impl: Setting up HTTPS TrustAll scheme 
2019/11/20 09:30:14 INFO  - jmeter.threads.JMeterThread: Thread started: CreateEngagements 1-10 
2019/11/20 09:30:14 INFO  - jmeter.util.BeanShellTestElement: 9 
2019/11/20 09:30:14 INFO  - jmeter.threads.JMeterThread: Thread started: CreateEngagements 1-11 
2019/11/20 09:30:14 INFO  - jmeter.util.BeanShellTestElement: 10 
2019/11/20 09:30:14 INFO  - jmeter.util.JsseSSLManager: Using default SSL protocol: TLS 
2019/11/20 09:30:14 INFO  - jmeter.util.JsseSSLManager: SSL session context: per-thread 
2019/11/20 09:30:14 INFO  - jmeter.threads.JMeterThread: Thread started: CreateEngagements 1-12 
2019/11/20 09:30:14 INFO  - jmeter.util.BeanShellTestElement: 11 
2019/11/20 09:30:14 INFO  - jmeter.threads.JMeterThread: Thread started: CreateEngagements 1-13 
2019/11/20 09:30:14 INFO  - jmeter.util.BeanShellTestElement: 12 
2019/11/20 09:30:14 INFO  - jmeter.threads.JMeterThread: Thread started: CreateEngagements 1-14 
2019/11/20 09:30:14 INFO  - jmeter.util.BeanShellTestElement: 13 
2019/11/20 09:30:14 INFO  - jmeter.threads.JMeterThread: Thread started: CreateEngagements 1-15 
2019/11/20 09:30:14 INFO  - jmeter.util.BeanShellTestElement: 14 
2019/11/20 09:30:14 INFO  - jmeter.threads.JMeterThread: Thread started: CreateEngagements 1-16 
2019/11/20 09:30:14 INFO  - jmeter.util.BeanShellTestElement: 15 
2019/11/20 09:30:14 INFO  - jmeter.threads.JMeterThread: Thread started: CreateEngagements 1-17 
2019/11/20 09:30:14 INFO  - jmeter.util.BeanShellTestElement: 16 
2019/11/20 09:30:14 INFO  - jmeter.threads.JMeterThread: Thread started: CreateEngagements 1-18 
2019/11/20 09:30:14 INFO  - jmeter.util.BeanShellTestElement: 17 
2019/11/20 09:30:14 INFO  - jmeter.threads.JMeterThread: Thread started: CreateEngagements 1-19 
2019/11/20 09:30:14 INFO  - jmeter.util.BeanShellTestElement: 18 
2019/11/20 09:30:14 INFO  - jmeter.threads.JMeterThread: Thread started: CreateEngagements 1-20 
2019/11/20 09:30:14 INFO  - jmeter.util.BeanShellTestElement: 19 
2019/11/20 09:30:14 INFO  - jmeter.threads.JMeterThread: Thread started: CreateEngagements 1-21 
2019/11/20 09:30:14 INFO  - jmeter.util.BeanShellTestElement: 20 
2019/11/20 09:30:14 INFO  - jmeter.threads.JMeterThread: Thread started: CreateEngagements 1-22 
2019/11/20 09:30:14 INFO  - jmeter.util.BeanShellTestElement: 21 
2019/11/20 09:30:14 INFO  - jmeter.threads.JMeterThread: Thread started: CreateEngagements 1-23 
2019/11/20 09:30:14 INFO  - jmeter.util.BeanShellTestElement: 22 
2019/11/20 09:30:14 INFO  - jmeter.threads.JMeterThread: Thread started: CreateEngagements 1-24 
2019/11/20 09:30:14 INFO  - jmeter.util.BeanShellTestElement: 23 
2019/11/20 09:30:14 INFO  - jmeter.threads.JMeterThread: Thread started: CreateEngagements 1-25 
2019/11/20 09:30:14 INFO  - jmeter.util.BeanShellTestElement: 24 
2019/11/20 09:30:14 INFO  - jmeter.threads.JMeterThread: Thread started: CreateEngagements 1-26 
2019/11/20 09:30:14 INFO  - jmeter.util.BeanShellTestElement: 25 
2019/11/20 09:30:14 INFO  - jmeter.threads.JMeterThread: Thread started: CreateEngagements 1-27 
2019/11/20 09:30:14 INFO  - jmeter.util.BeanShellTestElement: 26 
2019/11/20 09:30:14 INFO  - jmeter.threads.JMeterThread: Thread started: CreateEngagements 1-28 
2019/11/20 09:30:14 INFO  - jmeter.util.BeanShellTestElement: 27 
2019/11/20 09:30:14 INFO  - jmeter.threads.JMeterThread: Thread started: CreateEngagements 1-29 
2019/11/20 09:30:14 INFO  - jmeter.util.BeanShellTestElement: 28 
2019/11/20 09:30:14 INFO  - jmeter.threads.JMeterThread: Thread started: CreateEngagements 1-30 
2019/11/20 09:30:14 INFO  - jmeter.util.BeanShellTestElement: 29 
2019/11/20 09:30:14 INFO  - jmeter.threads.JMeterThread: Thread started: CreateEngagements 1-31 
2019/11/20 09:30:14 INFO  - jmeter.util.BeanShellTestElement: 30 
2019/11/20 09:30:14 INFO  - jmeter.threads.JMeterThread: Thread started: CreateEngagements 1-32 
2019/11/20 09:30:14 INFO  - jmeter.util.BeanShellTestElement: 31 
2019/11/20 09:30:14 INFO  - jmeter.threads.JMeterThread: Thread started: CreateEngagements 1-33 
2019/11/20 09:30:14 INFO  - jmeter.util.BeanShellTestElement: 32 
2019/11/20 09:30:14 INFO  - jmeter.threads.JMeterThread: Thread started: CreateEngagements 1-34 
2019/11/20 09:30:14 INFO  - jmeter.util.BeanShellTestElement: 33 
2019/11/20 09:30:14 INFO  - jmeter.threads.JMeterThread: Thread started: CreateEngagements 1-35 
2019/11/20 09:30:14 INFO  - jmeter.util.BeanShellTestElement: 34 
2019/11/20 09:30:14 INFO  - jmeter.threads.JMeterThread: Thread started: CreateEngagements 1-36 
2019/11/20 09:30:14 INFO  - jmeter.util.BeanShellTestElement: 35 
2019/11/20 09:30:14 INFO  - jmeter.threads.JMeterThread: Thread started: CreateEngagements 1-37 
2019/11/20 09:30:14 INFO  - jmeter.util.BeanShellTestElement: 36 
2019/11/20 09:30:14 INFO  - jmeter.threads.JMeterThread: Thread started: CreateEngagements 1-38 
2019/11/20 09:30:14 INFO  - jmeter.util.BeanShellTestElement: 37 
2019/11/20 09:30:14 INFO  - jmeter.threads.JMeterThread: Thread started: CreateEngagements 1-39 
2019/11/20 09:30:14 INFO  - jmeter.util.BeanShellTestElement: 38 
2019/11/20 09:30:14 INFO  - jmeter.threads.JMeterThread: Thread started: CreateEngagements 1-40 
2019/11/20 09:30:14 INFO  - jmeter.util.BeanShellTestElement: 39 
2019/11/20 09:30:14 INFO  - jmeter.threads.JMeterThread: Thread started: CreateEngagements 1-41 
2019/11/20 09:30:14 INFO  - jmeter.util.BeanShellTestElement: 40 
2019/11/20 09:30:14 INFO  - jmeter.threads.JMeterThread: Thread started: CreateEngagements 1-42 
2019/11/20 09:30:14 INFO  - jmeter.util.BeanShellTestElement: 41 
2019/11/20 09:30:14 INFO  - jmeter.threads.JMeterThread: Thread started: CreateEngagements 1-43 
2019/11/20 09:30:14 INFO  - jmeter.util.BeanShellTestElement: 42 
2019/11/20 09:30:14 INFO  - jmeter.threads.JMeterThread: Thread started: CreateEngagements 1-44 
2019/11/20 09:30:14 INFO  - jmeter.util.BeanShellTestElement: 43 
2019/11/20 09:30:14 INFO  - jmeter.threads.JMeterThread: Thread started: CreateEngagements 1-45 
2019/11/20 09:30:14 INFO  - jmeter.util.BeanShellTestElement: 44 
2019/11/20 09:30:14 INFO  - jmeter.threads.JMeterThread: Thread started: CreateEngagements 1-46 
2019/11/20 09:30:14 INFO  - jmeter.util.BeanShellTestElement: 45 
2019/11/20 09:30:14 INFO  - jmeter.threads.JMeterThread: Thread started: CreateEngagements 1-47 
2019/11/20 09:30:14 INFO  - jmeter.util.BeanShellTestElement: 46 
2019/11/20 09:30:14 INFO  - jmeter.threads.JMeterThread: Thread started: CreateEngagements 1-48 
2019/11/20 09:30:14 INFO  - jmeter.util.BeanShellTestElement: 47 
2019/11/20 09:30:14 INFO  - jmeter.threads.JMeterThread: Thread started: CreateEngagements 1-49 
2019/11/20 09:30:14 INFO  - jmeter.util.BeanShellTestElement: 48 
2019/11/20 09:30:14 INFO  - jmeter.threads.JMeterThread: Thread started: CreateEngagements 1-50 
2019/11/20 09:30:14 INFO  - jmeter.util.BeanShellTestElement: 49 
2019/11/20 09:30:14 INFO  - jmeter.threads.JMeterThread: Thread started: CreateEngagements 1-51 
2019/11/20 09:30:14 INFO  - jmeter.util.BeanShellTestElement: 50 
2019/11/20 09:30:14 INFO  - jmeter.threads.JMeterThread: Thread started: CreateEngagements 1-52 
2019/11/20 09:30:14 INFO  - jmeter.util.BeanShellTestElement: 51 
2019/11/20 09:30:14 INFO  - jmeter.threads.JMeterThread: Thread started: CreateEngagements 1-53 
2019/11/20 09:30:14 INFO  - jmeter.util.BeanShellTestElement: 52 
2019/11/20 09:30:14 INFO  - jmeter.threads.JMeterThread: Thread started: CreateEngagements 1-54 
2019/11/20 09:30:14 INFO  - jmeter.util.BeanShellTestElement: 53 
2019/11/20 09:30:14 INFO  - jmeter.threads.JMeterThread: Thread started: CreateEngagements 1-55 
2019/11/20 09:30:14 INFO  - jmeter.util.BeanShellTestElement: 54 
2019/11/20 09:30:14 INFO  - jmeter.threads.JMeterThread: Thread started: CreateEngagements 1-56 
2019/11/20 09:30:14 INFO  - jmeter.util.BeanShellTestElement: 55 
2019/11/20 09:30:14 INFO  - jmeter.threads.JMeterThread: Thread started: CreateEngagements 1-57 
2019/11/20 09:30:14 INFO  - jmeter.util.BeanShellTestElement: 56 
2019/11/20 09:30:14 INFO  - jmeter.threads.JMeterThread: Thread started: CreateEngagements 1-58 
2019/11/20 09:30:14 INFO  - jmeter.util.BeanShellTestElement: 57 
2019/11/20 09:30:14 INFO  - jmeter.threads.JMeterThread: Thread started: CreateEngagements 1-59 
2019/11/20 09:30:14 INFO  - jmeter.util.BeanShellTestElement: 58 
2019/11/20 09:30:14 INFO  - jmeter.threads.JMeterThread: Thread started: CreateEngagements 1-60 
2019/11/20 09:30:14 INFO  - jmeter.util.BeanShellTestElement: 59 
2019/11/20 09:30:14 INFO  - jmeter.threads.JMeterThread: Thread started: CreateEngagements 1-61 
2019/11/20 09:30:14 INFO  - jmeter.util.SSLManager: JmeterKeyStore Location:  type JKS 
2019/11/20 09:30:14 INFO  - jmeter.util.BeanShellTestElement: 60 
2019/11/20 09:30:14 INFO  - jmeter.util.SSLManager: KeyStore created OK 
2019/11/20 09:30:14 WARN  - jmeter.util.SSLManager: Keystore file not found, loading empty keystore 
2019/11/20 09:30:14 INFO  - jmeter.threads.JMeterThread: Thread started: CreateEngagements 1-62 
2019/11/20 09:30:14 INFO  - jmeter.util.BeanShellTestElement: 61 
2019/11/20 09:30:14 INFO  - jmeter.threads.JMeterThread: Thread started: CreateEngagements 1-63 
2019/11/20 09:30:14 INFO  - jmeter.util.BeanShellTestElement: 62 
2019/11/20 09:30:14 INFO  - jmeter.threads.JMeterThread: Thread started: CreateEngagements 1-64 
2019/11/20 09:30:14 INFO  - jmeter.util.BeanShellTestElement: 63 
2019/11/20 09:30:14 INFO  - jmeter.threads.JMeterThread: Thread started: CreateEngagements 1-65 
2019/11/20 09:30:14 INFO  - jmeter.util.BeanShellTestElement: 64 
2019/11/20 09:30:14 INFO  - jmeter.threads.JMeterThread: Thread started: CreateEngagements 1-66 
2019/11/20 09:30:14 INFO  - jmeter.util.BeanShellTestElement: 65 
2019/11/20 09:30:14 INFO  - jmeter.threads.JMeterThread: Thread started: CreateEngagements 1-67 
2019/11/20 09:30:14 INFO  - jmeter.util.BeanShellTestElement: 66 
2019/11/20 09:30:14 INFO  - jmeter.threads.JMeterThread: Thread started: CreateEngagements 1-68 
2019/11/20 09:30:14 INFO  - jmeter.util.BeanShellTestElement: 67 
2019/11/20 09:30:14 INFO  - jmeter.threads.JMeterThread: Thread started: CreateEngagements 1-69 
2019/11/20 09:30:14 INFO  - jmeter.util.BeanShellTestElement: 68 
2019/11/20 09:30:14 INFO  - jmeter.threads.JMeterThread: Thread started: CreateEngagements 1-70 
2019/11/20 09:30:14 INFO  - jmeter.util.BeanShellTestElement: 69 
2019/11/20 09:30:14 INFO  - jmeter.threads.JMeterThread: Thread started: CreateEngagements 1-71 
2019/11/20 09:30:14 INFO  - jmeter.util.BeanShellTestElement: 70 
2019/11/20 09:30:14 INFO  - jmeter.threads.JMeterThread: Thread started: CreateEngagements 1-72 
2019/11/20 09:30:14 INFO  - jmeter.util.BeanShellTestElement: 71 
2019/11/20 09:30:14 INFO  - jmeter.threads.JMeterThread: Thread started: CreateEngagements 1-73 
2019/11/20 09:30:14 INFO  - jmeter.util.BeanShellTestElement: 72 
2019/11/20 09:30:14 INFO  - jmeter.threads.JMeterThread: Thread started: CreateEngagements 1-74 
2019/11/20 09:30:14 INFO  - jmeter.util.BeanShellTestElement: 73 
2019/11/20 09:30:14 INFO  - jmeter.threads.JMeterThread: Thread started: CreateEngagements 1-75 
2019/11/20 09:30:15 INFO  - jmeter.util.BeanShellTestElement: 74 
2019/11/20 09:30:15 INFO  - jmeter.threads.JMeterThread: Thread started: CreateEngagements 1-76 
2019/11/20 09:30:15 INFO  - jmeter.util.BeanShellTestElement: 75 
2019/11/20 09:30:15 INFO  - jmeter.threads.JMeterThread: Thread started: CreateEngagements 1-77 
2019/11/20 09:30:15 INFO  - jmeter.util.BeanShellTestElement: 76 
2019/11/20 09:30:15 INFO  - jmeter.threads.JMeterThread: Thread started: CreateEngagements 1-78 
2019/11/20 09:30:15 INFO  - jmeter.util.BeanShellTestElement: 77 
2019/11/20 09:30:15 INFO  - jmeter.threads.JMeterThread: Thread started: CreateEngagements 1-79 
2019/11/20 09:30:15 INFO  - jmeter.util.BeanShellTestElement: 78 
2019/11/20 09:30:15 INFO  - jmeter.threads.JMeterThread: Thread started: CreateEngagements 1-80 
2019/11/20 09:30:15 INFO  - jmeter.util.BeanShellTestElement: 79 
2019/11/20 09:30:15 INFO  - jmeter.threads.JMeterThread: Thread started: CreateEngagements 1-81 
2019/11/20 09:30:15 INFO  - jmeter.util.BeanShellTestElement: 80 
2019/11/20 09:30:15 INFO  - jmeter.threads.JMeterThread: Thread started: CreateEngagements 1-82 
2019/11/20 09:30:15 INFO  - jmeter.util.BeanShellTestElement: 81 
2019/11/20 09:30:15 INFO  - jmeter.threads.JMeterThread: Thread started: CreateEngagements 1-83 
2019/11/20 09:30:15 INFO  - jmeter.util.BeanShellTestElement: 82 
2019/11/20 09:30:15 INFO  - jmeter.threads.JMeterThread: Thread started: CreateEngagements 1-84 
2019/11/20 09:30:15 INFO  - jmeter.util.BeanShellTestElement: 83 
2019/11/20 09:30:15 INFO  - jmeter.threads.JMeterThread: Thread started: CreateEngagements 1-85 
2019/11/20 09:30:15 INFO  - jmeter.util.BeanShellTestElement: 84 
2019/11/20 09:30:15 INFO  - jmeter.threads.JMeterThread: Thread started: CreateEngagements 1-86 
2019/11/20 09:30:15 INFO  - jmeter.util.BeanShellTestElement: 85 
2019/11/20 09:30:15 INFO  - jmeter.threads.JMeterThread: Thread started: CreateEngagements 1-87 
2019/11/20 09:30:15 INFO  - jmeter.util.BeanShellTestElement: 86 
2019/11/20 09:30:15 INFO  - jmeter.threads.JMeterThread: Thread started: CreateEngagements 1-88 
2019/11/20 09:30:15 INFO  - jmeter.util.BeanShellTestElement: 87 
2019/11/20 09:30:15 INFO  - jmeter.threads.JMeterThread: Thread started: CreateEngagements 1-89 
2019/11/20 09:30:15 INFO  - jmeter.util.BeanShellTestElement: 88 
2019/11/20 09:30:15 INFO  - jmeter.threads.JMeterThread: Thread started: CreateEngagements 1-90 
2019/11/20 09:30:15 INFO  - jmeter.util.BeanShellTestElement: 89 
2019/11/20 09:30:15 INFO  - jmeter.threads.ThreadGroup: Started thread group number 1 
2019/11/20 09:30:15 INFO  - jmeter.engine.StandardJMeterEngine: All thread groups have been started 
2019/11/20 09:30:15 INFO  - jmeter.threads.JMeterThread: Thread started: CreateEngagements 1-91 
2019/11/20 09:30:15 INFO  - jmeter.util.BeanShellTestElement: 90 
2019/11/20 09:30:15 INFO  - jmeter.threads.JMeterThread: Thread started: CreateEngagements 1-92 
2019/11/20 09:30:15 INFO  - jmeter.util.BeanShellTestElement: 91 
2019/11/20 09:30:15 INFO  - jmeter.threads.JMeterThread: Thread started: CreateEngagements 1-93 
2019/11/20 09:30:15 INFO  - jmeter.util.BeanShellTestElement: 92 
2019/11/20 09:30:15 INFO  - jmeter.threads.JMeterThread: Thread started: CreateEngagements 1-94 
2019/11/20 09:30:15 INFO  - jmeter.util.BeanShellTestElement: 93 
2019/11/20 09:30:15 INFO  - jmeter.threads.JMeterThread: Thread started: CreateEngagements 1-95 
2019/11/20 09:30:15 INFO  - jmeter.util.BeanShellTestElement: 94 
2019/11/20 09:30:15 INFO  - jmeter.threads.JMeterThread: Thread started: CreateEngagements 1-96 
2019/11/20 09:30:15 INFO  - jmeter.util.BeanShellTestElement: 95 
2019/11/20 09:30:15 INFO  - jmeter.threads.JMeterThread: Thread started: CreateEngagements 1-97 
2019/11/20 09:30:15 INFO  - jmeter.util.BeanShellTestElement: 96 
2019/11/20 09:30:15 INFO  - jmeter.threads.JMeterThread: Thread started: CreateEngagements 1-98 
2019/11/20 09:30:15 INFO  - jmeter.util.BeanShellTestElement: 97 
2019/11/20 09:30:15 INFO  - jmeter.threads.JMeterThread: Thread started: CreateEngagements 1-99 
2019/11/20 09:30:15 INFO  - jmeter.util.BeanShellTestElement: 98 
2019/11/20 09:30:15 INFO  - jmeter.threads.JMeterThread: Thread started: CreateEngagements 1-100 
2019/11/20 09:30:15 INFO  - jmeter.util.BeanShellTestElement: 99 
2019/11/20 09:30:15 INFO  - jmeter.threads.JMeterThread: Thread started: CreateEngagements 1-101 
2019/11/20 09:30:15 INFO  - jmeter.util.BeanShellTestElement: 100 
2019/11/20 09:30:15 INFO  - jmeter.threads.JMeterThread: Thread started: CreateEngagements 1-102 
2019/11/20 09:30:15 INFO  - jmeter.util.BeanShellTestElement: 101 
2019/11/20 09:30:15 INFO  - jmeter.threads.JMeterThread: Thread started: CreateEngagements 1-103 
2019/11/20 09:30:15 INFO  - jmeter.util.BeanShellTestElement: 102 
2019/11/20 09:30:15 INFO  - jmeter.threads.JMeterThread: Thread started: CreateEngagements 1-104 
2019/11/20 09:30:15 INFO  - jmeter.util.BeanShellTestElement: 103 
2019/11/20 09:30:15 INFO  - jmeter.threads.JMeterThread: Thread started: CreateEngagements 1-105 
2019/11/20 09:30:15 INFO  - jmeter.util.BeanShellTestElement: 104 
2019/11/20 09:30:15 INFO  - jmeter.threads.JMeterThread: Thread started: CreateEngagements 1-106 
2019/11/20 09:30:15 INFO  - jmeter.util.BeanShellTestElement: 105 
2019/11/20 09:30:15 INFO  - jmeter.threads.JMeterThread: Thread started: CreateEngagements 1-107 
2019/11/20 09:30:15 INFO  - jmeter.util.BeanShellTestElement: 106 
2019/11/20 09:30:15 INFO  - jmeter.threads.JMeterThread: Thread started: CreateEngagements 1-108 
2019/11/20 09:30:15 INFO  - jmeter.util.BeanShellTestElement: 107 
2019/11/20 09:30:15 INFO  - jmeter.threads.JMeterThread: Thread started: CreateEngagements 1-109 
2019/11/20 09:30:15 INFO  - jmeter.util.BeanShellTestElement: 108 
2019/11/20 09:30:15 INFO  - jmeter.threads.JMeterThread: Thread started: CreateEngagements 1-110 
2019/11/20 09:30:15 INFO  - jmeter.util.BeanShellTestElement: 109 
2019/11/20 09:30:15 INFO  - jmeter.threads.JMeterThread: Thread started: CreateEngagements 1-111 
2019/11/20 09:30:15 INFO  - jmeter.util.BeanShellTestElement: 110 
2019/11/20 09:30:15 INFO  - jmeter.threads.JMeterThread: Thread started: CreateEngagements 1-112 
2019/11/20 09:30:15 INFO  - jmeter.util.BeanShellTestElement: 111 
2019/11/20 09:30:15 INFO  - jmeter.threads.JMeterThread: Thread started: CreateEngagements 1-113 
2019/11/20 09:30:15 INFO  - jmeter.util.BeanShellTestElement: 112 
2019/11/20 09:30:15 INFO  - jmeter.threads.JMeterThread: Thread started: CreateEngagements 1-114 
2019/11/20 09:30:15 INFO  - jmeter.util.BeanShellTestElement: 113 
2019/11/20 09:30:15 INFO  - jmeter.threads.JMeterThread: Thread started: CreateEngagements 1-115 
2019/11/20 09:30:15 INFO  - jmeter.util.BeanShellTestElement: 114 
2019/11/20 09:30:15 INFO  - jmeter.threads.JMeterThread: Thread started: CreateEngagements 1-116 
2019/11/20 09:30:15 INFO  - jmeter.util.BeanShellTestElement: 115 
2019/11/20 09:30:15 INFO  - jmeter.threads.JMeterThread: Thread started: CreateEngagements 1-117 
2019/11/20 09:30:15 INFO  - jmeter.util.BeanShellTestElement: 116 
2019/11/20 09:30:15 INFO  - jmeter.threads.JMeterThread: Thread started: CreateEngagements 1-118 
2019/11/20 09:30:15 INFO  - jmeter.util.BeanShellTestElement: 117 
2019/11/20 09:30:15 INFO  - jmeter.threads.JMeterThread: Thread started: CreateEngagements 1-119 
2019/11/20 09:30:15 INFO  - jmeter.util.BeanShellTestElement: 118 
2019/11/20 09:30:15 INFO  - jmeter.threads.JMeterThread: Thread started: CreateEngagements 1-120 
2019/11/20 09:30:15 INFO  - jmeter.util.BeanShellTestElement: 119 
2019/11/20 09:30:15 INFO  - jmeter.threads.JMeterThread: Thread started: CreateEngagements 1-121 
2019/11/20 09:30:15 INFO  - jmeter.util.BeanShellTestElement: 120 
2019/11/20 09:30:15 INFO  - jmeter.threads.JMeterThread: Thread started: CreateEngagements 1-122 
2019/11/20 09:30:15 INFO  - jmeter.util.BeanShellTestElement: 121 
2019/11/20 09:30:15 INFO  - jmeter.threads.JMeterThread: Thread started: CreateEngagements 1-123 
2019/11/20 09:30:15 INFO  - jmeter.util.BeanShellTestElement: 122 
2019/11/20 09:30:15 INFO  - jmeter.threads.JMeterThread: Thread started: CreateEngagements 1-124 
2019/11/20 09:30:15 INFO  - jmeter.util.BeanShellTestElement: 123 
2019/11/20 09:30:15 INFO  - jmeter.threads.JMeterThread: Thread started: CreateEngagements 1-125 
2019/11/20 09:30:15 INFO  - jmeter.util.BeanShellTestElement: 124 
2019/11/20 09:30:15 INFO  - jmeter.threads.JMeterThread: Thread started: CreateEngagements 1-126 
2019/11/20 09:30:15 INFO  - jmeter.util.BeanShellTestElement: 125 
2019/11/20 09:30:15 INFO  - jmeter.threads.JMeterThread: Thread started: CreateEngagements 1-127 
2019/11/20 09:30:15 INFO  - jmeter.util.BeanShellTestElement: 126 
2019/11/20 09:30:15 INFO  - jmeter.threads.JMeterThread: Thread started: CreateEngagements 1-128 
2019/11/20 09:30:15 INFO  - jmeter.util.BeanShellTestElement: 127 
2019/11/20 09:30:15 INFO  - jmeter.threads.JMeterThread: Thread started: CreateEngagements 1-129 
2019/11/20 09:30:15 INFO  - jmeter.util.BeanShellTestElement: 128 
2019/11/20 09:30:15 INFO  - jmeter.threads.JMeterThread: Thread started: CreateEngagements 1-130 
2019/11/20 09:30:15 INFO  - jmeter.util.BeanShellTestElement: 129 
2019/11/20 09:30:15 INFO  - jmeter.threads.JMeterThread: Thread started: CreateEngagements 1-131 
2019/11/20 09:30:15 INFO  - jmeter.util.BeanShellTestElement: 130 
2019/11/20 09:30:15 INFO  - jmeter.threads.JMeterThread: Thread started: CreateEngagements 1-132 
2019/11/20 09:30:15 INFO  - jmeter.util.BeanShellTestElement: 131 
2019/11/20 09:30:15 INFO  - jmeter.threads.JMeterThread: Thread started: CreateEngagements 1-133 
2019/11/20 09:30:15 INFO  - jmeter.util.BeanShellTestElement: 132 
2019/11/20 09:30:15 INFO  - jmeter.threads.JMeterThread: Thread started: CreateEngagements 1-134 
2019/11/20 09:30:15 INFO  - jmeter.util.BeanShellTestElement: 133 
2019/11/20 09:30:15 INFO  - jmeter.threads.JMeterThread: Thread started: CreateEngagements 1-135 
2019/11/20 09:30:15 INFO  - jmeter.util.BeanShellTestElement: 134 
2019/11/20 09:30:15 INFO  - jmeter.threads.JMeterThread: Thread started: CreateEngagements 1-136 
2019/11/20 09:30:15 INFO  - jmeter.util.BeanShellTestElement: 135 
2019/11/20 09:30:15 INFO  - jmeter.threads.JMeterThread: Thread started: CreateEngagements 1-137 
2019/11/20 09:30:15 INFO  - jmeter.util.BeanShellTestElement: 136 
2019/11/20 09:30:15 INFO  - jmeter.threads.JMeterThread: Thread started: CreateEngagements 1-138 
2019/11/20 09:30:15 INFO  - jmeter.util.BeanShellTestElement: 137 
2019/11/20 09:30:15 INFO  - jmeter.threads.JMeterThread: Thread started: CreateEngagements 1-139 
2019/11/20 09:30:15 INFO  - jmeter.util.BeanShellTestElement: 138 
2019/11/20 09:30:15 INFO  - jmeter.threads.JMeterThread: Thread started: CreateEngagements 1-140 
2019/11/20 09:30:15 INFO  - jmeter.util.BeanShellTestElement: 139 
2019/11/20 09:30:15 INFO  - jmeter.threads.JMeterThread: Thread started: CreateEngagements 1-141 
2019/11/20 09:30:15 INFO  - jmeter.util.BeanShellTestElement: 140 
2019/11/20 09:30:15 INFO  - jmeter.threads.JMeterThread: Thread started: CreateEngagements 1-142 
2019/11/20 09:30:15 INFO  - jmeter.util.BeanShellTestElement: 141 
2019/11/20 09:30:15 INFO  - jmeter.threads.JMeterThread: Thread started: CreateEngagements 1-143 
2019/11/20 09:30:15 INFO  - jmeter.util.BeanShellTestElement: 142 
2019/11/20 09:30:15 INFO  - jmeter.threads.JMeterThread: Thread started: CreateEngagements 1-144 
2019/11/20 09:30:15 INFO  - jmeter.util.BeanShellTestElement: 143 
2019/11/20 09:30:15 INFO  - jmeter.threads.JMeterThread: Thread started: CreateEngagements 1-145 
2019/11/20 09:30:15 INFO  - jmeter.util.BeanShellTestElement: 144 
2019/11/20 09:30:15 INFO  - jmeter.threads.JMeterThread: Thread started: CreateEngagements 1-146 
2019/11/20 09:30:15 INFO  - jmeter.util.BeanShellTestElement: 145 
2019/11/20 09:30:15 INFO  - jmeter.threads.JMeterThread: Thread started: CreateEngagements 1-147 
2019/11/20 09:30:15 INFO  - jmeter.util.BeanShellTestElement: 146 
2019/11/20 09:30:15 INFO  - jmeter.threads.JMeterThread: Thread started: CreateEngagements 1-148 
2019/11/20 09:30:15 INFO  - jmeter.util.BeanShellTestElement: 147 
2019/11/20 09:30:15 INFO  - jmeter.threads.JMeterThread: Thread started: CreateEngagements 1-149 
2019/11/20 09:30:15 INFO  - jmeter.util.BeanShellTestElement: 148 
2019/11/20 09:30:15 INFO  - jmeter.threads.JMeterThread: Thread started: CreateEngagements 1-150 
2019/11/20 09:30:15 INFO  - jmeter.util.BeanShellTestElement: 149 
2019/11/20 09:30:15 INFO  - jmeter.threads.JMeterThread: Thread started: CreateEngagements 1-151 
2019/11/20 09:30:15 INFO  - jmeter.util.BeanShellTestElement: 150 
2019/11/20 09:30:15 INFO  - jmeter.threads.JMeterThread: Thread started: CreateEngagements 1-152 
2019/11/20 09:30:15 INFO  - jmeter.util.BeanShellTestElement: 151 
2019/11/20 09:30:15 INFO  - jmeter.threads.JMeterThread: Thread started: CreateEngagements 1-153 
2019/11/20 09:30:15 INFO  - jmeter.util.BeanShellTestElement: 152 
2019/11/20 09:30:15 INFO  - jmeter.threads.JMeterThread: Thread started: CreateEngagements 1-154 
2019/11/20 09:30:15 INFO  - jmeter.util.BeanShellTestElement: 153 
2019/11/20 09:30:15 INFO  - jmeter.threads.JMeterThread: Thread started: CreateEngagements 1-155 
2019/11/20 09:30:15 INFO  - jmeter.util.BeanShellTestElement: 154 
2019/11/20 09:30:15 INFO  - jmeter.threads.JMeterThread: Thread started: CreateEngagements 1-156 
2019/11/20 09:30:15 INFO  - jmeter.util.BeanShellTestElement: 155 
2019/11/20 09:30:15 INFO  - jmeter.threads.JMeterThread: Thread started: CreateEngagements 1-157 
2019/11/20 09:30:15 INFO  - jmeter.util.BeanShellTestElement: 156 
2019/11/20 09:30:15 INFO  - jmeter.threads.JMeterThread: Thread started: CreateEngagements 1-158 
2019/11/20 09:30:15 INFO  - jmeter.util.BeanShellTestElement: 157 
2019/11/20 09:30:15 INFO  - jmeter.threads.JMeterThread: Thread started: CreateEngagements 1-159 
2019/11/20 09:30:15 INFO  - jmeter.util.BeanShellTestElement: 158 
2019/11/20 09:30:15 INFO  - jmeter.threads.JMeterThread: Thread started: CreateEngagements 1-160 
2019/11/20 09:30:15 INFO  - jmeter.util.BeanShellTestElement: 159 
2019/11/20 09:30:15 INFO  - jmeter.threads.JMeterThread: Thread started: CreateEngagements 1-161 
2019/11/20 09:30:15 INFO  - jmeter.util.BeanShellTestElement: 160 
2019/11/20 09:30:15 INFO  - jmeter.threads.JMeterThread: Thread started: CreateEngagements 1-162 
2019/11/20 09:30:15 INFO  - jmeter.util.BeanShellTestElement: 161 
2019/11/20 09:30:15 INFO  - jmeter.threads.JMeterThread: Thread started: CreateEngagements 1-163 
2019/11/20 09:30:15 INFO  - jmeter.util.BeanShellTestElement: 162 
2019/11/20 09:30:15 INFO  - jmeter.threads.JMeterThread: Thread started: CreateEngagements 1-164 
2019/11/20 09:30:15 INFO  - jmeter.util.BeanShellTestElement: 163 
2019/11/20 09:30:15 INFO  - jmeter.threads.JMeterThread: Thread started: CreateEngagements 1-165 
2019/11/20 09:30:15 INFO  - jmeter.util.BeanShellTestElement: 164 
2019/11/20 09:30:15 INFO  - jmeter.threads.JMeterThread: Thread started: CreateEngagements 1-166 
2019/11/20 09:30:15 INFO  - jmeter.util.BeanShellTestElement: 165 
2019/11/20 09:30:15 INFO  - jmeter.threads.JMeterThread: Thread started: CreateEngagements 1-167 
2019/11/20 09:30:15 INFO  - jmeter.util.BeanShellTestElement: 166 
2019/11/20 09:30:15 INFO  - jmeter.threads.JMeterThread: Thread started: CreateEngagements 1-168 
2019/11/20 09:30:15 INFO  - jmeter.util.BeanShellTestElement: 167 
2019/11/20 09:30:15 INFO  - jmeter.threads.JMeterThread: Thread started: CreateEngagements 1-169 
2019/11/20 09:30:15 INFO  - jmeter.util.BeanShellTestElement: 168 
2019/11/20 09:30:15 INFO  - jmeter.threads.JMeterThread: Thread started: CreateEngagements 1-170 
2019/11/20 09:30:15 INFO  - jmeter.util.BeanShellTestElement: 169 
2019/11/20 09:30:15 INFO  - jmeter.threads.JMeterThread: Thread started: CreateEngagements 1-171 
2019/11/20 09:30:15 INFO  - jmeter.util.BeanShellTestElement: 170 
2019/11/20 09:30:15 INFO  - jmeter.threads.JMeterThread: Thread started: CreateEngagements 1-172 
2019/11/20 09:30:15 INFO  - jmeter.util.BeanShellTestElement: 171 
2019/11/20 09:30:15 INFO  - jmeter.threads.JMeterThread: Thread started: CreateEngagements 1-173 
2019/11/20 09:30:15 INFO  - jmeter.util.BeanShellTestElement: 172 
2019/11/20 09:30:15 INFO  - jmeter.threads.JMeterThread: Thread started: CreateEngagements 1-174 
2019/11/20 09:30:15 INFO  - jmeter.util.BeanShellTestElement: 173 
2019/11/20 09:30:15 INFO  - jmeter.threads.JMeterThread: Thread started: CreateEngagements 1-175 
2019/11/20 09:30:15 INFO  - jmeter.util.BeanShellTestElement: 174 
2019/11/20 09:30:15 INFO  - jmeter.threads.JMeterThread: Thread started: CreateEngagements 1-176 
2019/11/20 09:30:15 INFO  - jmeter.util.BeanShellTestElement: 175 
2019/11/20 09:30:15 INFO  - jmeter.threads.JMeterThread: Thread started: CreateEngagements 1-177 
2019/11/20 09:30:15 INFO  - jmeter.util.BeanShellTestElement: 176 
2019/11/20 09:30:15 INFO  - jmeter.threads.JMeterThread: Thread started: CreateEngagements 1-178 
2019/11/20 09:30:15 INFO  - jmeter.util.BeanShellTestElement: 177 
2019/11/20 09:30:15 INFO  - jmeter.threads.JMeterThread: Thread started: CreateEngagements 1-179 
2019/11/20 09:30:15 INFO  - jmeter.util.BeanShellTestElement: 178 
2019/11/20 09:30:15 INFO  - jmeter.threads.JMeterThread: Thread started: CreateEngagements 1-180 
2019/11/20 09:30:15 INFO  - jmeter.util.BeanShellTestElement: 179 
2019/11/20 09:30:15 INFO  - jmeter.threads.JMeterThread: Thread started: CreateEngagements 1-181 
2019/11/20 09:30:15 INFO  - jmeter.util.BeanShellTestElement: 180 
2019/11/20 09:30:15 INFO  - jmeter.threads.JMeterThread: Thread started: CreateEngagements 1-182 
2019/11/20 09:30:15 INFO  - jmeter.util.BeanShellTestElement: 181 
2019/11/20 09:30:16 INFO  - jmeter.threads.JMeterThread: Thread started: CreateEngagements 1-183 
2019/11/20 09:30:16 INFO  - jmeter.util.BeanShellTestElement: 182 
2019/11/20 09:30:16 INFO  - jmeter.threads.JMeterThread: Thread started: CreateEngagements 1-184 
2019/11/20 09:30:16 INFO  - jmeter.util.BeanShellTestElement: 183 
2019/11/20 09:30:16 INFO  - jmeter.threads.JMeterThread: Thread started: CreateEngagements 1-185 
2019/11/20 09:30:16 INFO  - jmeter.util.BeanShellTestElement: 184 
2019/11/20 09:30:16 INFO  - jmeter.threads.JMeterThread: Thread started: CreateEngagements 1-186 
2019/11/20 09:30:16 INFO  - jmeter.util.BeanShellTestElement: 185 
2019/11/20 09:30:16 INFO  - jmeter.threads.JMeterThread: Thread started: CreateEngagements 1-187 
2019/11/20 09:30:16 INFO  - jmeter.util.BeanShellTestElement: 186 
2019/11/20 09:30:16 INFO  - jmeter.threads.JMeterThread: Thread started: CreateEngagements 1-188 
2019/11/20 09:30:16 INFO  - jmeter.util.BeanShellTestElement: 187 
2019/11/20 09:30:16 INFO  - jmeter.threads.JMeterThread: Thread started: CreateEngagements 1-189 
2019/11/20 09:30:16 INFO  - jmeter.util.BeanShellTestElement: 188 
2019/11/20 09:30:16 INFO  - jmeter.threads.JMeterThread: Thread started: CreateEngagements 1-190 
2019/11/20 09:30:16 INFO  - jmeter.util.BeanShellTestElement: 189 
2019/11/20 09:30:16 INFO  - jmeter.threads.JMeterThread: Thread started: CreateEngagements 1-191 
2019/11/20 09:30:16 INFO  - jmeter.util.BeanShellTestElement: 190 
2019/11/20 09:30:16 INFO  - jmeter.threads.JMeterThread: Thread started: CreateEngagements 1-192 
2019/11/20 09:30:16 INFO  - jmeter.util.BeanShellTestElement: 191 
2019/11/20 09:30:16 INFO  - jmeter.threads.JMeterThread: Thread started: CreateEngagements 1-193 
2019/11/20 09:30:16 INFO  - jmeter.util.BeanShellTestElement: 192 
2019/11/20 09:30:16 INFO  - jmeter.threads.JMeterThread: Thread started: CreateEngagements 1-194 
2019/11/20 09:30:16 INFO  - jmeter.util.BeanShellTestElement: 193 
2019/11/20 09:30:16 INFO  - jmeter.threads.JMeterThread: Thread started: CreateEngagements 1-195 
2019/11/20 09:30:16 INFO  - jmeter.util.BeanShellTestElement: 194 
2019/11/20 09:30:16 INFO  - jmeter.threads.JMeterThread: Thread started: CreateEngagements 1-196 
2019/11/20 09:30:16 INFO  - jmeter.util.BeanShellTestElement: 195 
2019/11/20 09:30:16 INFO  - jmeter.threads.JMeterThread: Thread started: CreateEngagements 1-197 
2019/11/20 09:30:16 INFO  - jmeter.util.BeanShellTestElement: 196 
2019/11/20 09:30:16 INFO  - jmeter.threads.JMeterThread: Thread started: CreateEngagements 1-198 
2019/11/20 09:30:16 INFO  - jmeter.util.BeanShellTestElement: 197 
2019/11/20 09:30:16 INFO  - jmeter.threads.JMeterThread: Thread started: CreateEngagements 1-199 
2019/11/20 09:30:16 INFO  - jmeter.util.BeanShellTestElement: 198 
2019/11/20 09:30:16 INFO  - jmeter.threads.JMeterThread: Thread started: CreateEngagements 1-200 
2019/11/20 09:30:16 INFO  - jmeter.util.BeanShellTestElement: 199 
2019/11/20 09:31:01 INFO  - jmeter.reporters.ResultCollector: Shutdown hook started 
2019/11/20 09:31:01 INFO  - jmeter.reporters.ResultCollector: Shutdown hook ended 
